<?xml version="1.0" encoding="UTF-8"?>
<!-- Generated by org.testng.reporters.JUnitReportReporter -->
<testsuite hostname="SW-LAP-RISHI" failures="0" tests="8" name="com.testng.practice.Practice2_TestNG" time="0.024" errors="0" timestamp="25 Jun 2020 06:23:56 GMT" skipped="0">
  <testcase classname="com.testng.practice.Practice2_TestNG" name="goodBye2" time="0.002"/>
  <testcase classname="com.testng.practice.Practice2_TestNG" name="goodBye2" time="0.006"/>
  <testcase classname="com.testng.practice.Practice2_TestNG" name="loginTestMethod" time="0.006"/>
  <testcase classname="com.testng.practice.Practice2_TestNG" name="goodBye2" time="0.003"/>
  <testcase classname="com.testng.practice.Practice2_TestNG" name="loginTestMethod" time="0.002"/>
  <testcase classname="com.testng.practice.Practice2_TestNG" name="goodBye1" time="0.001"/>
  <testcase classname="com.testng.practice.Practice2_TestNG" name="loginTestMethod" time="0.002"/>
  <testcase classname="com.testng.practice.Practice2_TestNG" name="goodBye3" time="0.002"/>
</testsuite> <!-- com.testng.practice.Practice2_TestNG -->
