<?xml version="1.0" encoding="UTF-8"?>
<!-- Generated by org.testng.reporters.JUnitReportReporter -->
<testsuite hostname="SW-LAP-RISHI" failures="0" tests="11" name="com.testng.practice.Practice1_TestNG" time="0.078" errors="0" timestamp="25 Jun 2020 06:23:56 GMT" skipped="1">
  <testcase classname="com.testng.practice.Practice1_TestNG" name="aaaHelloMessage2" time="0.004"/>
  <testcase classname="com.testng.practice.Practice1_TestNG" name="dependentMethod1" time="0.004"/>
  <testcase classname="com.testng.practice.Practice1_TestNG" name="helloMessage7" time="0.003"/>
  <testcase classname="com.testng.practice.Practice1_TestNG" name="aaaaatestMethod" time="0.006"/>
  <testcase classname="com.testng.practice.Practice1_TestNG" name="passingParameter" time="0.016"/>
  <testcase classname="com.testng.practice.Practice1_TestNG" name="sampleTimeOutMethod" time="0.020"/>
  <testcase classname="com.testng.practice.Practice1_TestNG" name="helloMessage4" time="0.002"/>
  <testcase classname="com.testng.practice.Practice1_TestNG" name="testDependencyOptionTestNG1" time="0.004"/>
  <testcase classname="com.testng.practice.Practice1_TestNG" name="helloMessage5" time="0.012"/>
  <testcase classname="com.testng.practice.Practice1_TestNG" name="helloMessage6" time="0.007"/>
  <testcase classname="com.testng.practice.Practice1_TestNG" name="sampleDisabledMethod">
    <skipped/>
  </testcase> <!-- sampleDisabledMethod -->
</testsuite> <!-- com.testng.practice.Practice1_TestNG -->
