<?xml version="1.0" encoding="UTF-8"?>
<!-- Generated by org.testng.reporters.JUnitReportReporter -->
<testsuite hostname="SW-LAP-RISHI" failures="0" tests="2" name="com.testng.practice.TestNGPractice4" time="0.003" errors="0" timestamp="25 Jun 2020 06:23:56 GMT" skipped="0">
  <testcase classname="com.testng.practice.TestNGPractice4" name="abcTestMethod" time="0.001"/>
  <testcase classname="com.testng.practice.TestNGPractice4" name="goodByeTest" time="0.002"/>
</testsuite> <!-- com.testng.practice.TestNGPractice4 -->
